1771694266: mosquitto version 2.1.2 starting
1771694266: Config loaded from /mosquitto/config/mosquitto.conf.
1771694266: Bridge support available.
1771694266: Persistence support available.
1771694266: TLS support available.
1771694266: TLS-PSK support available.
1771694266: Websockets support available.
1771694266: Opening ipv4 listen socket on port 1883.
1771694266: mosquitto version 2.1.2 running
1771696067: Saving in-memory database to /mosquitto/data//mosquitto.db.
1771696419: mosquitto version 2.1.2 terminating
1771696419: Saving in-memory database to /mosquitto/data//mosquitto.db.
1771696443: mosquitto version 2.1.2 starting
1771696443: Config loaded from /mosquitto/config/mosquitto.conf.
1771696443: Bridge support available.
1771696443: Persistence support available.
1771696443: TLS support available.
1771696443: TLS-PSK support available.
1771696443: Websockets support available.
1771696443: Opening ipv4 listen socket on port 1883.
1771696443: mosquitto version 2.1.2 running
1771696961: mosquitto version 2.1.2 terminating
1771696961: Saving in-memory database to /mosquitto/data//mosquitto.db.
1771696983: mosquitto version 2.1.2 starting
1771696983: Config loaded from /mosquitto/config/mosquitto.conf.
1771696983: Bridge support available.
1771696983: Persistence support available.
1771696983: TLS support available.
1771696983: TLS-PSK support available.
1771696983: Websockets support available.
1771696983: Opening ipv4 listen socket on port 1883.
1771696983: mosquitto version 2.1.2 running
1771697271: mosquitto version 2.1.2 terminating
1771697271: Saving in-memory database to /mosquitto/data//mosquitto.db.
1771699099: mosquitto version 2.1.2 starting
1771699099: Config loaded from /mosquitto/config/mosquitto.conf.
1771699099: Bridge support available.
1771699099: Persistence support available.
1771699099: TLS support available.
1771699099: TLS-PSK support available.
1771699099: Websockets support available.
1771699099: Opening ipv4 listen socket on port 1883.
1771699099: mosquitto version 2.1.2 running
1771700900: Saving in-memory database to /mosquitto/data//mosquitto.db.
1771702701: Saving in-memory database to /mosquitto/data//mosquitto.db.
1771704502: Saving in-memory database to /mosquitto/data//mosquitto.db.
1771712061: Saving in-memory database to /mosquitto/data//mosquitto.db.
1771713862: Saving in-memory database to /mosquitto/data//mosquitto.db.
1771715663: Saving in-memory database to /mosquitto/data//mosquitto.db.
1771717464: Saving in-memory database to /mosquitto/data//mosquitto.db.
1771719971: Saving in-memory database to /mosquitto/data//mosquitto.db.
1771721772: Saving in-memory database to /mosquitto/data//mosquitto.db.
1771723574: Saving in-memory database to /mosquitto/data//mosquitto.db.
1771725375: Saving in-memory database to /mosquitto/data//mosquitto.db.
1771727176: Saving in-memory database to /mosquitto/data//mosquitto.db.
1771728977: Saving in-memory database to /mosquitto/data//mosquitto.db.
1771729747: mosquitto version 2.1.2 terminating
1771729747: Saving in-memory database to /mosquitto/data//mosquitto.db.
1771729767: mosquitto version 2.1.2 starting
1771729767: Config loaded from /mosquitto/config/mosquitto.conf.
1771729767: Bridge support available.
1771729767: Persistence support available.
1771729767: TLS support available.
1771729767: TLS-PSK support available.
1771729767: Websockets support available.
1771729767: Opening ipv4 listen socket on port 1883.
1771729767: mosquitto version 2.1.2 running
1771730006: mosquitto version 2.1.2 terminating
1771730006: Saving in-memory database to /mosquitto/data//mosquitto.db.
1771730030: mosquitto version 2.1.2 starting
1771730030: Config loaded from /mosquitto/config/mosquitto.conf.
1771730030: Bridge support available.
1771730030: Persistence support available.
1771730030: TLS support available.
1771730030: TLS-PSK support available.
1771730030: Websockets support available.
1771730030: Opening ipv4 listen socket on port 1883.
1771730030: mosquitto version 2.1.2 running
1771736742: mosquitto version 2.1.2 starting
1771736742: Config loaded from /mosquitto/config/mosquitto.conf.
1771736742: Bridge support available.
1771736742: Persistence support available.
1771736742: TLS support available.
1771736742: TLS-PSK support available.
1771736742: Websockets support available.
1771736742: Opening ipv4 listen socket on port 1883.
1771736742: mosquitto version 2.1.2 running
1771738543: Saving in-memory database to /mosquitto/data//mosquitto.db.
1771740344: Saving in-memory database to /mosquitto/data//mosquitto.db.
1771785686: Saving in-memory database to /mosquitto/data//mosquitto.db.
1771787487: Saving in-memory database to /mosquitto/data//mosquitto.db.
1771789288: Saving in-memory database to /mosquitto/data//mosquitto.db.
1771791089: Saving in-memory database to /mosquitto/data//mosquitto.db.
1771792890: Saving in-memory database to /mosquitto/data//mosquitto.db.
1771794691: Saving in-memory database to /mosquitto/data//mosquitto.db.
1771796492: Saving in-memory database to /mosquitto/data//mosquitto.db.
1771798293: Saving in-memory database to /mosquitto/data//mosquitto.db.
1771800094: Saving in-memory database to /mosquitto/data//mosquitto.db.
1771858192: Saving in-memory database to /mosquitto/data//mosquitto.db.
1771859992: Saving in-memory database to /mosquitto/data//mosquitto.db.
1771861793: Saving in-memory database to /mosquitto/data//mosquitto.db.
1771863594: Saving in-memory database to /mosquitto/data//mosquitto.db.
1771865395: Saving in-memory database to /mosquitto/data//mosquitto.db.
1771867196: Saving in-memory database to /mosquitto/data//mosquitto.db.
1771868997: Saving in-memory database to /mosquitto/data//mosquitto.db.
1771870798: Saving in-memory database to /mosquitto/data//mosquitto.db.
1771872599: Saving in-memory database to /mosquitto/data//mosquitto.db.
1771874400: Saving in-memory database to /mosquitto/data//mosquitto.db.
1771876201: Saving in-memory database to /mosquitto/data//mosquitto.db.
1771878002: Saving in-memory database to /mosquitto/data//mosquitto.db.
1771879803: Saving in-memory database to /mosquitto/data//mosquitto.db.
1771881604: Saving in-memory database to /mosquitto/data//mosquitto.db.
1771883405: Saving in-memory database to /mosquitto/data//mosquitto.db.
1771885206: Saving in-memory database to /mosquitto/data//mosquitto.db.
1771890015: Saving in-memory database to /mosquitto/data//mosquitto.db.
1771891816: Saving in-memory database to /mosquitto/data//mosquitto.db.
1771893617: Saving in-memory database to /mosquitto/data//mosquitto.db.
1771895418: Saving in-memory database to /mosquitto/data//mosquitto.db.
1771897219: Saving in-memory database to /mosquitto/data//mosquitto.db.
1771899020: Saving in-memory database to /mosquitto/data//mosquitto.db.
1771900821: Saving in-memory database to /mosquitto/data//mosquitto.db.
1771949376: Saving in-memory database to /mosquitto/data//mosquitto.db.
1771951177: Saving in-memory database to /mosquitto/data//mosquitto.db.
1771952978: Saving in-memory database to /mosquitto/data//mosquitto.db.
1771954779: Saving in-memory database to /mosquitto/data//mosquitto.db.
1771956580: Saving in-memory database to /mosquitto/data//mosquitto.db.
1771958381: Saving in-memory database to /mosquitto/data//mosquitto.db.
1771960182: Saving in-memory database to /mosquitto/data//mosquitto.db.
1771961983: Saving in-memory database to /mosquitto/data//mosquitto.db.
1771963784: Saving in-memory database to /mosquitto/data//mosquitto.db.
1772013244: mosquitto version 2.1.2 starting
1772013244: Config loaded from /mosquitto/config/mosquitto.conf.
1772013244: Bridge support available.
1772013244: Persistence support available.
1772013244: TLS support available.
1772013244: TLS-PSK support available.
1772013244: Websockets support available.
1772013244: Opening ipv4 listen socket on port 1883.
1772013244: mosquitto version 2.1.2 running
1772051509: mosquitto version 2.1.2 starting
1772051509: Config loaded from /mosquitto/config/mosquitto.conf.
1772051509: Bridge support available.
1772051509: Persistence support available.
1772051509: TLS support available.
1772051509: TLS-PSK support available.
1772051509: Websockets support available.
1772051509: Opening ipv4 listen socket on port 1883.
1772051509: mosquitto version 2.1.2 running
1772051998: mosquitto version 2.1.2 terminating
1772051998: Saving in-memory database to /mosquitto/data//mosquitto.db.
1772052743: mosquitto version 2.1.2 starting
1772052743: Config loaded from /mosquitto/config/mosquitto.conf.
1772052743: Bridge support available.
1772052743: Persistence support available.
1772052743: TLS support available.
1772052743: TLS-PSK support available.
1772052743: Websockets support available.
1772052743: Opening ipv4 listen socket on port 1883.
1772052743: mosquitto version 2.1.2 running
1772052777: mosquitto version 2.1.2 terminating
1772052777: Saving in-memory database to /mosquitto/data//mosquitto.db.
1772136654: mosquitto version 2.1.2 starting
1772136654: Config loaded from /mosquitto/config/mosquitto.conf.
1772136654: Bridge support available.
1772136654: Persistence support available.
1772136654: TLS support available.
1772136654: TLS-PSK support available.
1772136654: Websockets support available.
1772136654: Opening ipv4 listen socket on port 1883.
1772136654: mosquitto version 2.1.2 running
1772138455: Saving in-memory database to /mosquitto/data//mosquitto.db.
1772148886: mosquitto version 2.1.2 starting
1772148886: Config loaded from /mosquitto/config/mosquitto.conf.
1772148886: Bridge support available.
1772148886: Persistence support available.
1772148886: TLS support available.
1772148886: TLS-PSK support available.
1772148886: Websockets support available.
1772148886: Opening ipv4 listen socket on port 1883.
1772148886: mosquitto version 2.1.2 running
1772149202: mosquitto version 2.1.2 terminating
1772149202: Saving in-memory database to /mosquitto/data//mosquitto.db.
1772149489: mosquitto version 2.1.2 starting
1772149489: Config loaded from /mosquitto/config/mosquitto.conf.
1772149489: Bridge support available.
1772149489: Persistence support available.
1772149489: TLS support available.
1772149489: TLS-PSK support available.
1772149489: Websockets support available.
1772149489: Opening ipv4 listen socket on port 1883.
1772149489: mosquitto version 2.1.2 running
1772149704: mosquitto version 2.1.2 terminating
1772149704: Saving in-memory database to /mosquitto/data//mosquitto.db.
1772150186: mosquitto version 2.1.2 starting
1772150186: Config loaded from /mosquitto/config/mosquitto.conf.
1772150186: Bridge support available.
1772150186: Persistence support available.
1772150186: TLS support available.
1772150186: TLS-PSK support available.
1772150186: Websockets support available.
1772150186: Opening ipv4 listen socket on port 1883.
1772150186: mosquitto version 2.1.2 running
1772150537: mosquitto version 2.1.2 terminating
1772150537: Saving in-memory database to /mosquitto/data//mosquitto.db.
1772151233: mosquitto version 2.1.2 starting
1772151233: Config loaded from /mosquitto/config/mosquitto.conf.
1772151233: Bridge support available.
1772151233: Persistence support available.
1772151233: TLS support available.
1772151233: TLS-PSK support available.
1772151233: Websockets support available.
1772151233: Opening ipv4 listen socket on port 1883.
1772151233: mosquitto version 2.1.2 running
1772153034: Saving in-memory database to /mosquitto/data//mosquitto.db.
1772154834: Saving in-memory database to /mosquitto/data//mosquitto.db.
1772156636: Saving in-memory database to /mosquitto/data//mosquitto.db.
1772158437: Saving in-memory database to /mosquitto/data//mosquitto.db.
1772160238: Saving in-memory database to /mosquitto/data//mosquitto.db.
1772162039: Saving in-memory database to /mosquitto/data//mosquitto.db.
1772163843: Saving in-memory database to /mosquitto/data//mosquitto.db.
1772169502: mosquitto version 2.1.2 starting
1772169502: Config loaded from /mosquitto/config/mosquitto.conf.
1772169502: Bridge support available.
1772169502: Persistence support available.
1772169502: TLS support available.
1772169502: TLS-PSK support available.
1772169502: Websockets support available.
1772169502: Opening ipv4 listen socket on port 1883.
1772169502: mosquitto version 2.1.2 running
1772170914: mosquitto version 2.1.2 terminating
1772170914: Saving in-memory database to /mosquitto/data//mosquitto.db.
1772170922: mosquitto version 2.1.2 starting
1772170922: Config loaded from /mosquitto/config/mosquitto.conf.
1772170922: Bridge support available.
1772170922: Persistence support available.
1772170922: TLS support available.
1772170922: TLS-PSK support available.
1772170922: Websockets support available.
1772170922: Opening ipv4 listen socket on port 1883.
1772170922: mosquitto version 2.1.2 running
1772171115: mosquitto version 2.1.2 terminating
1772171115: Saving in-memory database to /mosquitto/data//mosquitto.db.
1772171128: mosquitto version 2.1.2 starting
1772171128: Config loaded from /mosquitto/config/mosquitto.conf.
1772171128: Bridge support available.
1772171128: Persistence support available.
1772171128: TLS support available.
1772171128: TLS-PSK support available.
1772171128: Websockets support available.
1772171128: Opening ipv4 listen socket on port 1883.
1772171128: mosquitto version 2.1.2 running
1772171166: mosquitto version 2.1.2 terminating
1772171166: Saving in-memory database to /mosquitto/data//mosquitto.db.
1772314069: mosquitto version 2.1.2 starting
1772314069: Config loaded from /mosquitto/config/mosquitto.conf.
1772314069: Bridge support available.
1772314069: Persistence support available.
1772314069: TLS support available.
1772314069: TLS-PSK support available.
1772314069: Websockets support available.
1772314069: Opening ipv4 listen socket on port 1883.
1772314069: mosquitto version 2.1.2 running
1772314438: mosquitto version 2.1.2 terminating
1772314438: Saving in-memory database to /mosquitto/data//mosquitto.db.
1772316523: mosquitto version 2.1.2 starting
1772316523: Config loaded from /mosquitto/config/mosquitto.conf.
1772316523: Bridge support available.
1772316523: Persistence support available.
1772316523: TLS support available.
1772316523: TLS-PSK support available.
1772316523: Websockets support available.
1772316523: Opening ipv4 listen socket on port 1883.
1772316523: mosquitto version 2.1.2 running
1772317452: mosquitto version 2.1.2 starting
1772317452: Config loaded from /mosquitto/config/mosquitto.conf.
1772317452: Bridge support available.
1772317452: Persistence support available.
1772317452: TLS support available.
1772317452: TLS-PSK support available.
1772317452: Websockets support available.
1772317452: Opening ipv4 listen socket on port 1883.
1772317452: mosquitto version 2.1.2 running
1772317498: mosquitto version 2.1.2 starting
1772317498: Config loaded from /mosquitto/config/mosquitto.conf.
1772317498: Bridge support available.
1772317498: Persistence support available.
1772317498: TLS support available.
1772317498: TLS-PSK support available.
1772317498: Websockets support available.
1772317498: Opening ipv4 listen socket on port 1883.
1772317498: mosquitto version 2.1.2 running
1772317510: mosquitto version 2.1.2 terminating
1772317510: Saving in-memory database to /mosquitto/data//mosquitto.db.
1772317667: mosquitto version 2.1.2 starting
1772317667: Config loaded from /mosquitto/config/mosquitto.conf.
1772317667: Bridge support available.
1772317667: Persistence support available.
1772317667: TLS support available.
1772317667: TLS-PSK support available.
1772317667: Websockets support available.
1772317667: Opening ipv4 listen socket on port 1883.
1772317667: mosquitto version 2.1.2 running
1772317684: mosquitto version 2.1.2 terminating
1772317684: Saving in-memory database to /mosquitto/data//mosquitto.db.
1772317755: mosquitto version 2.1.2 starting
1772317755: Config loaded from /mosquitto/config/mosquitto.conf.
1772317755: Bridge support available.
1772317755: Persistence support available.
1772317755: TLS support available.
1772317755: TLS-PSK support available.
1772317755: Websockets support available.
1772317755: Opening ipv4 listen socket on port 1883.
1772317755: mosquitto version 2.1.2 running
1772317783: mosquitto version 2.1.2 terminating
1772317783: Saving in-memory database to /mosquitto/data//mosquitto.db.
1772320315: mosquitto version 2.1.2 starting
1772320315: Config loaded from /mosquitto/config/mosquitto.conf.
1772320315: Bridge support available.
1772320315: Persistence support available.
1772320315: TLS support available.
1772320315: TLS-PSK support available.
1772320315: Websockets support available.
1772320315: Opening ipv4 listen socket on port 1883.
1772320315: mosquitto version 2.1.2 running
1772320330: mosquitto version 2.1.2 terminating
1772320330: Saving in-memory database to /mosquitto/data//mosquitto.db.
1772325360: mosquitto version 2.1.2 starting
1772325360: Config loaded from /mosquitto/config/mosquitto.conf.
1772325360: Bridge support available.
1772325360: Persistence support available.
1772325360: TLS support available.
1772325360: TLS-PSK support available.
1772325360: Websockets support available.
1772325360: Opening ipv4 listen socket on port 1883.
1772325360: mosquitto version 2.1.2 running
1772325381: mosquitto version 2.1.2 terminating
1772325381: Saving in-memory database to /mosquitto/data//mosquitto.db.
1772346383: mosquitto version 2.1.2 starting
1772346383: Config loaded from /mosquitto/config/mosquitto.conf.
1772346383: Bridge support available.
1772346383: Persistence support available.
1772346383: TLS support available.
1772346383: TLS-PSK support available.
1772346383: Websockets support available.
1772346383: Opening ipv4 listen socket on port 1883.
1772346383: mosquitto version 2.1.2 running
